[0.339s] DEBUG:colcon:Command line arguments: ['/usr/bin/colcon', 'list', '-p', '--base-paths', '/home/randy/Workspaces/Source/ros2-mecanum-bot/src']
[0.339s] DEBUG:colcon:Parsed command line arguments: Namespace(base_paths=['/home/randy/Workspaces/Source/ros2-mecanum-bot/src'], build_base='build', ignore_user_meta=False, log_base=None, log_level=None, main=<bound method ListVerb.main of <colcon_package_information.verb.list.ListVerb object at 0x7f81b9cb01f0>>, metas=['./colcon.meta'], names_only=False, packages_above=None, packages_above_and_dependencies=None, packages_above_depth=None, packages_end=None, packages_ignore=None, packages_ignore_regex=None, packages_select=None, packages_select_build_failed=False, packages_select_by_dep=None, packages_select_regex=None, packages_select_test_failures=False, packages_skip=None, packages_skip_build_finished=False, packages_skip_by_dep=None, packages_skip_regex=None, packages_skip_test_passed=False, packages_skip_up_to=None, packages_start=None, packages_up_to=None, packages_up_to_regex=None, paths=None, paths_only=True, topological_graph=False, topological_graph_density=False, topological_graph_dot=False, topological_graph_dot_cluster=False, topological_graph_dot_include_skipped=False, topological_graph_legend=False, topological_order=False, verb_extension=<colcon_package_information.verb.list.ListVerb object at 0x7f81b9cb01f0>, verb_name='list', verb_parser=<colcon_defaults.argument_parser.defaults.DefaultArgumentsDecorator object at 0x7f81b9b79970>)
[0.381s] Level 1:colcon.colcon_core.package_discovery:discover_packages(colcon_meta) check parameters
[0.383s] Level 1:colcon.colcon_core.package_discovery:discover_packages(recursive) check parameters
[0.387s] Level 1:colcon.colcon_core.package_discovery:discover_packages(ignore) check parameters
[0.390s] Level 1:colcon.colcon_core.package_discovery:discover_packages(path) check parameters
[0.391s] Level 1:colcon.colcon_core.package_discovery:discover_packages(recursive) discover
[0.403s] INFO:colcon.colcon_core.package_discovery:Crawling recursively for packages in '/home/randy/Workspaces/Source/ros2-mecanum-bot/src'
[0.405s] Level 1:colcon.colcon_core.package_identification:_identify(/home/randy/Workspaces/Source/ros2-mecanum-bot/src) by extensions ['ignore', 'ignore_ament_install']
[0.406s] Level 1:colcon.colcon_core.package_identification:_identify(/home/randy/Workspaces/Source/ros2-mecanum-bot/src) by extension 'ignore'
[0.406s] Level 1:colcon.colcon_core.package_identification:_identify(/home/randy/Workspaces/Source/ros2-mecanum-bot/src) by extension 'ignore_ament_install'
[0.412s] Level 1:colcon.colcon_core.package_identification:_identify(/home/randy/Workspaces/Source/ros2-mecanum-bot/src) by extensions ['colcon_pkg']
[0.413s] Level 1:colcon.colcon_core.package_identification:_identify(/home/randy/Workspaces/Source/ros2-mecanum-bot/src) by extension 'colcon_pkg'
[0.413s] Level 1:colcon.colcon_core.package_identification:_identify(/home/randy/Workspaces/Source/ros2-mecanum-bot/src) by extensions ['colcon_meta']
[0.413s] Level 1:colcon.colcon_core.package_identification:_identify(/home/randy/Workspaces/Source/ros2-mecanum-bot/src) by extension 'colcon_meta'
[0.413s] Level 1:colcon.colcon_core.package_identification:_identify(/home/randy/Workspaces/Source/ros2-mecanum-bot/src) by extensions ['ros']
[0.413s] Level 1:colcon.colcon_core.package_identification:_identify(/home/randy/Workspaces/Source/ros2-mecanum-bot/src) by extension 'ros'
[0.430s] Level 1:colcon.colcon_core.package_identification:_identify(/home/randy/Workspaces/Source/ros2-mecanum-bot/src) by extensions ['cmake', 'python']
[0.430s] Level 1:colcon.colcon_core.package_identification:_identify(/home/randy/Workspaces/Source/ros2-mecanum-bot/src) by extension 'cmake'
[0.430s] Level 1:colcon.colcon_core.package_identification:_identify(/home/randy/Workspaces/Source/ros2-mecanum-bot/src) by extension 'python'
[0.431s] Level 1:colcon.colcon_core.package_identification:_identify(/home/randy/Workspaces/Source/ros2-mecanum-bot/src) by extensions ['python_setup_py']
[0.431s] Level 1:colcon.colcon_core.package_identification:_identify(/home/randy/Workspaces/Source/ros2-mecanum-bot/src) by extension 'python_setup_py'
[0.431s] Level 1:colcon.colcon_core.package_identification:_identify(/home/randy/Workspaces/Source/ros2-mecanum-bot/src/log) by extensions ['ignore', 'ignore_ament_install']
[0.431s] Level 1:colcon.colcon_core.package_identification:_identify(/home/randy/Workspaces/Source/ros2-mecanum-bot/src/log) by extension 'ignore'
[0.431s] Level 1:colcon.colcon_core.package_identification:_identify(/home/randy/Workspaces/Source/ros2-mecanum-bot/src/log) ignored
[0.431s] Level 1:colcon.colcon_core.package_identification:_identify(/home/randy/Workspaces/Source/ros2-mecanum-bot/src/mecanumbot_bringup) by extensions ['ignore', 'ignore_ament_install']
[0.431s] Level 1:colcon.colcon_core.package_identification:_identify(/home/randy/Workspaces/Source/ros2-mecanum-bot/src/mecanumbot_bringup) by extension 'ignore'
[0.431s] Level 1:colcon.colcon_core.package_identification:_identify(/home/randy/Workspaces/Source/ros2-mecanum-bot/src/mecanumbot_bringup) by extension 'ignore_ament_install'
[0.431s] Level 1:colcon.colcon_core.package_identification:_identify(/home/randy/Workspaces/Source/ros2-mecanum-bot/src/mecanumbot_bringup) by extensions ['colcon_pkg']
[0.431s] Level 1:colcon.colcon_core.package_identification:_identify(/home/randy/Workspaces/Source/ros2-mecanum-bot/src/mecanumbot_bringup) by extension 'colcon_pkg'
[0.431s] Level 1:colcon.colcon_core.package_identification:_identify(/home/randy/Workspaces/Source/ros2-mecanum-bot/src/mecanumbot_bringup) by extensions ['colcon_meta']
[0.431s] Level 1:colcon.colcon_core.package_identification:_identify(/home/randy/Workspaces/Source/ros2-mecanum-bot/src/mecanumbot_bringup) by extension 'colcon_meta'
[0.431s] Level 1:colcon.colcon_core.package_identification:_identify(/home/randy/Workspaces/Source/ros2-mecanum-bot/src/mecanumbot_bringup) by extensions ['ros']
[0.431s] Level 1:colcon.colcon_core.package_identification:_identify(/home/randy/Workspaces/Source/ros2-mecanum-bot/src/mecanumbot_bringup) by extension 'ros'
[0.435s] DEBUG:colcon.colcon_core.package_identification:Package '/home/randy/Workspaces/Source/ros2-mecanum-bot/src/mecanumbot_bringup' with type 'ros.ament_cmake' and name 'mecanumbot_bringup'
[0.436s] Level 1:colcon.colcon_core.package_identification:_identify(/home/randy/Workspaces/Source/ros2-mecanum-bot/src/mecanumbot_description) by extensions ['ignore', 'ignore_ament_install']
[0.436s] Level 1:colcon.colcon_core.package_identification:_identify(/home/randy/Workspaces/Source/ros2-mecanum-bot/src/mecanumbot_description) by extension 'ignore'
[0.436s] Level 1:colcon.colcon_core.package_identification:_identify(/home/randy/Workspaces/Source/ros2-mecanum-bot/src/mecanumbot_description) by extension 'ignore_ament_install'
[0.436s] Level 1:colcon.colcon_core.package_identification:_identify(/home/randy/Workspaces/Source/ros2-mecanum-bot/src/mecanumbot_description) by extensions ['colcon_pkg']
[0.436s] Level 1:colcon.colcon_core.package_identification:_identify(/home/randy/Workspaces/Source/ros2-mecanum-bot/src/mecanumbot_description) by extension 'colcon_pkg'
[0.436s] Level 1:colcon.colcon_core.package_identification:_identify(/home/randy/Workspaces/Source/ros2-mecanum-bot/src/mecanumbot_description) by extensions ['colcon_meta']
[0.436s] Level 1:colcon.colcon_core.package_identification:_identify(/home/randy/Workspaces/Source/ros2-mecanum-bot/src/mecanumbot_description) by extension 'colcon_meta'
[0.436s] Level 1:colcon.colcon_core.package_identification:_identify(/home/randy/Workspaces/Source/ros2-mecanum-bot/src/mecanumbot_description) by extensions ['ros']
[0.436s] Level 1:colcon.colcon_core.package_identification:_identify(/home/randy/Workspaces/Source/ros2-mecanum-bot/src/mecanumbot_description) by extension 'ros'
[0.439s] DEBUG:colcon.colcon_core.package_identification:Package '/home/randy/Workspaces/Source/ros2-mecanum-bot/src/mecanumbot_description' with type 'ros.ament_cmake' and name 'mecanumbot_description'
[0.439s] Level 1:colcon.colcon_core.package_discovery:discover_packages(recursive) using defaults
